[debug] [2020-12-12T15:15:06.824Z] ----------------------------------------------------------------------
[debug] [2020-12-12T15:15:06.827Z] Command:       C:\Program Files\nodejs\node.exe C:\Users\Anny\AppData\Roaming\npm\node_modules\firebase-tools\lib\bin\firebase.js init
[debug] [2020-12-12T15:15:06.828Z] CLI Version:   8.19.0
[debug] [2020-12-12T15:15:06.828Z] Platform:      win32
[debug] [2020-12-12T15:15:06.828Z] Node Version:  v12.18.2
[debug] [2020-12-12T15:15:06.829Z] Time:          Sat Dec 12 2020 11:15:06 GMT-0400 (Bolivia Time)
[debug] [2020-12-12T15:15:06.829Z] ----------------------------------------------------------------------
[debug] [2020-12-12T15:15:06.829Z] 
[debug] [2020-12-12T15:15:06.837Z] > command requires scopes: ["email","openid","https://www.googleapis.com/auth/cloudplatformprojects.readonly","https://www.googleapis.com/auth/firebase","https://www.googleapis.com/auth/cloud-platform"]
[debug] [2020-12-12T15:15:06.837Z] > authorizing via signed-in user
[info] 
     ######## #### ########  ######## ########     ###     ######  ########
     ##        ##  ##     ## ##       ##     ##  ##   ##  ##       ##
     ######    ##  ########  ######   ########  #########  ######  ######
     ##        ##  ##    ##  ##       ##     ## ##     ##       ## ##
     ##       #### ##     ## ######## ########  ##     ##  ######  ########

You're about to initialize a Firebase project in this directory:

  C:\Users\Anny\Desktop\Platzi\Cursos-de-react\Platzi-conf

[info] 
=== Project Setup
[info] 
[info] First, let's associate this project directory with a Firebase project.
[info] You can create multiple project aliases by running firebase use --add, 
[info] but for now we'll just set up a default project.
[info] 
[debug] [2020-12-12T15:16:00.394Z] > refreshing access token with scopes: ["email","https://www.googleapis.com/auth/cloud-platform","https://www.googleapis.com/auth/cloudplatformprojects.readonly","https://www.googleapis.com/auth/firebase","openid"]
[debug] [2020-12-12T15:16:00.395Z] >>> HTTP REQUEST POST https://www.googleapis.com/oauth2/v3/token  
 <request body omitted>
[debug] [2020-12-12T15:16:00.410Z] Authentication Error: Your credentials are no longer valid. Please run firebase login --reauth

For CI servers and headless environments, generate a new token with firebase login:ci
[debug] [2020-12-12T15:16:15.532Z] FirebaseError: Authentication Error: Your credentials are no longer valid. Please run firebase login --reauth

For CI servers and headless environments, generate a new token with firebase login:ci
    at Object.<anonymous> (C:\Users\Anny\AppData\Roaming\npm\node_modules\firebase-tools\lib\auth.js:23:32)
    at Module._compile (internal/modules/cjs/loader.js:1138:30)
    at Object.Module._extensions..js (internal/modules/cjs/loader.js:1158:10)
    at Module.load (internal/modules/cjs/loader.js:986:32)
    at Function.Module._load (internal/modules/cjs/loader.js:879:14)
    at Module.require (internal/modules/cjs/loader.js:1026:19)
    at require (internal/modules/cjs/helpers.js:72:18)
    at Object.<anonymous> (C:\Users\Anny\AppData\Roaming\npm\node_modules\firebase-tools\lib\init\features\hosting\github.js:20:16)
    at Module._compile (internal/modules/cjs/loader.js:1138:30)
    at Object.Module._extensions..js (internal/modules/cjs/loader.js:1158:10)
    at Module.load (internal/modules/cjs/loader.js:986:32)
    at Function.Module._load (internal/modules/cjs/loader.js:879:14)
    at Module.require (internal/modules/cjs/loader.js:1026:19)
    at require (internal/modules/cjs/helpers.js:72:18)
    at Object.<anonymous> (C:\Users\Anny\AppData\Roaming\npm\node_modules\firebase-tools\lib\init\features\hosting\index.js:5:24)
    at Module._compile (internal/modules/cjs/loader.js:1138:30)
[error] 
[error] Error: Failed to list Firebase projects. See firebase-debug.log for more info.
[debug] [2020-12-12T15:16:27.487Z] ----------------------------------------------------------------------
[debug] [2020-12-12T15:16:27.490Z] Command:       C:\Program Files\nodejs\node.exe C:\Users\Anny\AppData\Roaming\npm\node_modules\firebase-tools\lib\bin\firebase.js init
[debug] [2020-12-12T15:16:27.490Z] CLI Version:   8.19.0
[debug] [2020-12-12T15:16:27.490Z] Platform:      win32
[debug] [2020-12-12T15:16:27.490Z] Node Version:  v12.18.2
[debug] [2020-12-12T15:16:27.491Z] Time:          Sat Dec 12 2020 11:16:27 GMT-0400 (Bolivia Time)
[debug] [2020-12-12T15:16:27.491Z] ----------------------------------------------------------------------
[debug] [2020-12-12T15:16:27.492Z] 
[debug] [2020-12-12T15:16:27.499Z] > command requires scopes: ["email","openid","https://www.googleapis.com/auth/cloudplatformprojects.readonly","https://www.googleapis.com/auth/firebase","https://www.googleapis.com/auth/cloud-platform"]
[debug] [2020-12-12T15:16:27.500Z] > authorizing via signed-in user
[info] 
     ######## #### ########  ######## ########     ###     ######  ########
     ##        ##  ##     ## ##       ##     ##  ##   ##  ##       ##
     ######    ##  ########  ######   ########  #########  ######  ######
     ##        ##  ##    ##  ##       ##     ## ##     ##       ## ##
     ##       #### ##     ## ######## ########  ##     ##  ######  ########

You're about to initialize a Firebase project in this directory:

  C:\Users\Anny\Desktop\Platzi\Cursos-de-react\Platzi-conf

[info] 
=== Project Setup
[info] 
[info] First, let's associate this project directory with a Firebase project.
[info] You can create multiple project aliases by running firebase use --add, 
[info] but for now we'll just set up a default project.
[info] 
[info] 
=== Hosting Setup
[info] 
[info] Your public directory is the folder (relative to your project directory) that
[info] will contain Hosting assets to be uploaded with firebase deploy. If you
[info] have a build process for your assets, use your build's output directory.
[info] 
[debug] [2020-12-12T15:17:26.605Z] ----------------------------------------------------------------------
[debug] [2020-12-12T15:17:26.607Z] Command:       C:\Program Files\nodejs\node.exe C:\Users\Anny\AppData\Roaming\npm\node_modules\firebase-tools\lib\bin\firebase.js init
[debug] [2020-12-12T15:17:26.607Z] CLI Version:   8.19.0
[debug] [2020-12-12T15:17:26.607Z] Platform:      win32
[debug] [2020-12-12T15:17:26.607Z] Node Version:  v12.18.2
[debug] [2020-12-12T15:17:26.608Z] Time:          Sat Dec 12 2020 11:17:26 GMT-0400 (Bolivia Time)
[debug] [2020-12-12T15:17:26.609Z] ----------------------------------------------------------------------
[debug] [2020-12-12T15:17:26.609Z] 
[debug] [2020-12-12T15:17:26.617Z] > command requires scopes: ["email","openid","https://www.googleapis.com/auth/cloudplatformprojects.readonly","https://www.googleapis.com/auth/firebase","https://www.googleapis.com/auth/cloud-platform"]
[debug] [2020-12-12T15:17:26.618Z] > authorizing via signed-in user
[info] 
     ######## #### ########  ######## ########     ###     ######  ########
     ##        ##  ##     ## ##       ##     ##  ##   ##  ##       ##
     ######    ##  ########  ######   ########  #########  ######  ######
     ##        ##  ##    ##  ##       ##     ## ##     ##       ## ##
     ##       #### ##     ## ######## ########  ##     ##  ######  ########

You're about to initialize a Firebase project in this directory:

  C:\Users\Anny\Desktop\Platzi\Cursos-de-react\Platzi-conf

[info] 
=== Project Setup
[info] 
[info] First, let's associate this project directory with a Firebase project.
[info] You can create multiple project aliases by running firebase use --add, 
[info] but for now we'll just set up a default project.
[info] 
[info] 
=== Hosting Setup
[info] 
[info] Your public directory is the folder (relative to your project directory) that
[info] will contain Hosting assets to be uploaded with firebase deploy. If you
[info] have a build process for your assets, use your build's output directory.
[info] 
[debug] [2020-12-12T15:17:50.655Z] >>> [apiv2][query] GET https://www.gstatic.com/firebasejs/releases.json [none]
[debug] [2020-12-12T15:17:50.832Z] <<< [apiv2][status] GET https://www.gstatic.com/firebasejs/releases.json 200
[debug] [2020-12-12T15:17:50.832Z] <<< [apiv2][body] GET https://www.gstatic.com/firebasejs/releases.json {"current":{"version":"8.2.0","browserURL":"https://www.gstatic.com/firebasejs/8.2.0/firebase.js","packageURL":"https://www.gstatic.com/firebasejs/8.2.0/firebase.tgz"},"live":{"version":"8.2","browserURL":"https://www.gstatic.com/firebasejs/live/8.2/firebase.js","packageURL":"https://www.gstatic.com/firebasejs/live/8.2/firebase.tgz"},"components":{"analytics":"https://www.gstatic.com/firebasejs/8.2.0/firebase-analytics.js","app":"https://www.gstatic.com/firebasejs/8.2.0/firebase-app.js","auth":"https://www.gstatic.com/firebasejs/8.2.0/firebase-auth.js","database":"https://www.gstatic.com/firebasejs/8.2.0/firebase-database.js","firestore":"https://www.gstatic.com/firebasejs/8.2.0/firebase-firestore.js","functions":"https://www.gstatic.com/firebasejs/8.2.0/firebase-functions.js","installations":"https://www.gstatic.com/firebasejs/8.2.0/firebase-installations.js","messaging":"https://www.gstatic.com/firebasejs/8.2.0/firebase-messaging.js","storage":"https://www.gstatic.com/firebasejs/8.2.0/firebase-storage.js","performance":"https://www.gstatic.com/firebasejs/8.2.0/firebase-performance.js","remote-config":"https://www.gstatic.com/firebasejs/8.2.0/firebase-remote-config.js","firestore.memory":"https://www.gstatic.com/firebasejs/8.2.0/firebase-firestore.memory.js"}}
[info] i  Skipping write of dist/index.html 
[info] 
[info] i  Detected a .git folder at C:\Users\Anny\Desktop\Platzi\Cursos-de-react\Platzi-conf 
[info] i  Authorizing with GitHub to upload your service account to a GitHub repository's secrets store. 
[info] 
[info] Visit this URL on this device to log in:
[info] https://github.com/login/oauth/authorize?client_id=89cf50f02ac6aaed3484&state=284892738&redirect_uri=http%3A%2F%2Flocalhost%3A9005&scope=read%3Auser%20repo%20public_repo
[info] 
[info] Waiting for authentication...
[debug] [2020-12-12T15:18:50.329Z] >>> HTTP REQUEST POST https://github.com/login/oauth/access_token  
 {"client_id":"89cf50f02ac6aaed3484","client_secret":"3330d14abc895d9a74d5f17cd7a00711fa2c5bf0","code":"f4f0ae8721cb50703a1b","redirect_uri":"http://localhost:9005","state":"284892738"}
[debug] [2020-12-12T15:18:53.051Z] <<< HTTP RESPONSE 200 {"server":"GitHub.com","date":"Sat, 12 Dec 2020 15:18:53 GMT","content-type":"application/json; charset=utf-8","transfer-encoding":"chunked","status":"200 OK","vary":"X-PJAX, Accept-Encoding, Accept, X-Requested-With","etag":"W/\"b5258fdbda30e5f38f4ec833b9b5ec92\"","cache-control":"max-age=0, private, must-revalidate","strict-transport-security":"max-age=31536000; includeSubdomains; preload","x-frame-options":"deny","x-content-type-options":"nosniff","x-xss-protection":"1; mode=block","referrer-policy":"origin-when-cross-origin, strict-origin-when-cross-origin","expect-ct":"max-age=2592000, report-uri=\"https://api.github.com/_private/browser/errors\"","content-security-policy":"default-src 'none'; base-uri 'self'; block-all-mixed-content; connect-src 'self' uploads.github.com www.githubstatus.com collector.githubapp.com api.github.com github-cloud.s3.amazonaws.com github-production-repository-file-5c1aeb.s3.amazonaws.com github-production-upload-manifest-file-7fdce7.s3.amazonaws.com github-production-user-asset-6210df.s3.amazonaws.com cdn.optimizely.com logx.optimizely.com/v1/events wss://alive.github.com; font-src github.githubassets.com; form-action 'self' github.com gist.github.com; frame-ancestors 'none'; frame-src render.githubusercontent.com; img-src 'self' data: github.githubassets.com identicons.github.com collector.githubapp.com github-cloud.s3.amazonaws.com *.githubusercontent.com; manifest-src 'self'; media-src 'none'; script-src github.githubassets.com; style-src 'unsafe-inline' github.githubassets.com; worker-src github.com/socket-worker-5029ae85.js gist.github.com/socket-worker-5029ae85.js","x-github-request-id":"EC02:0FDD:3E8E59:641F4B:5FD4DF5A"}
[debug] [2020-12-12T15:18:53.052Z] >>> [apiv2][query] GET https://api.github.com/user [none]
[debug] [2020-12-12T15:18:54.637Z] <<< [apiv2][status] GET https://api.github.com/user 200
[debug] [2020-12-12T15:18:54.638Z] <<< [apiv2][body] GET https://api.github.com/user {"login":"GabrielVargasRV","id":67846792,"node_id":"MDQ6VXNlcjY3ODQ2Nzky","avatar_url":"https://avatars2.githubusercontent.com/u/67846792?v=4","gravatar_id":"","url":"https://api.github.com/users/GabrielVargasRV","html_url":"https://github.com/GabrielVargasRV","followers_url":"https://api.github.com/users/GabrielVargasRV/followers","following_url":"https://api.github.com/users/GabrielVargasRV/following{/other_user}","gists_url":"https://api.github.com/users/GabrielVargasRV/gists{/gist_id}","starred_url":"https://api.github.com/users/GabrielVargasRV/starred{/owner}{/repo}","subscriptions_url":"https://api.github.com/users/GabrielVargasRV/subscriptions","organizations_url":"https://api.github.com/users/GabrielVargasRV/orgs","repos_url":"https://api.github.com/users/GabrielVargasRV/repos","events_url":"https://api.github.com/users/GabrielVargasRV/events{/privacy}","received_events_url":"https://api.github.com/users/GabrielVargasRV/received_events","type":"User","site_admin":false,"name":null,"company":null,"blog":"","location":null,"email":null,"hireable":null,"bio":null,"twitter_username":null,"public_repos":2,"public_gists":0,"followers":0,"following":0,"created_at":"2020-07-05T01:02:38Z","updated_at":"2020-12-12T14:54:24Z","private_gists":0,"total_private_repos":1,"owned_private_repos":1,"disk_usage":3515,"collaborators":0,"two_factor_authentication":false,"plan":{"name":"free","space":976562499,"collaborators":0,"private_repos":10000}}
[info] 
[info] +  Success! Logged into GitHub as GabrielVargasRV 
[info] 
[debug] [2020-12-12T15:19:16.334Z] >>> [apiv2][query] GET https://api.github.com/repos/https://github.com/GabrielVargasRV/Platzi-Conf-Merch-By-Gabriel-Vargas/actions/secrets/public-key type=owner
[debug] [2020-12-12T15:19:16.582Z] <<< [apiv2][status] GET https://api.github.com/repos/https://github.com/GabrielVargasRV/Platzi-Conf-Merch-By-Gabriel-Vargas/actions/secrets/public-key 404
[debug] [2020-12-12T15:19:16.582Z] <<< [apiv2][body] GET https://api.github.com/repos/https://github.com/GabrielVargasRV/Platzi-Conf-Merch-By-Gabriel-Vargas/actions/secrets/public-key {"message":"Not Found","documentation_url":"https://docs.github.com/rest"}
[debug] [2020-12-12T15:20:01.736Z] >>> [apiv2][query] GET https://api.github.com/repos/GabrielVargasRV/Platzi-Conf-Merch-By-Gabriel-Vargas/actions/secrets/public-key type=owner
[debug] [2020-12-12T15:20:02.293Z] <<< [apiv2][status] GET https://api.github.com/repos/GabrielVargasRV/Platzi-Conf-Merch-By-Gabriel-Vargas/actions/secrets/public-key 200
[debug] [2020-12-12T15:20:02.293Z] <<< [apiv2][body] GET https://api.github.com/repos/GabrielVargasRV/Platzi-Conf-Merch-By-Gabriel-Vargas/actions/secrets/public-key {"key_id":"568250167242549743","key":"bGTSBL88j3VaZF3garjVga2Pax8zmnE+sXR1CnzvU0g="}
[debug] [2020-12-12T15:20:02.299Z] >>> [apiv2][query] GET https://api.github.com/repos/GabrielVargasRV/Platzi-Conf-Merch-By-Gabriel-Vargas [none]
[debug] [2020-12-12T15:20:02.551Z] <<< [apiv2][status] GET https://api.github.com/repos/GabrielVargasRV/Platzi-Conf-Merch-By-Gabriel-Vargas 200
[debug] [2020-12-12T15:20:02.551Z] <<< [apiv2][body] GET https://api.github.com/repos/GabrielVargasRV/Platzi-Conf-Merch-By-Gabriel-Vargas {"id":320847550,"node_id":"MDEwOlJlcG9zaXRvcnkzMjA4NDc1NTA=","name":"Platzi-Conf-Merch-By-Gabriel-Vargas","full_name":"GabrielVargasRV/Platzi-Conf-Merch-By-Gabriel-Vargas","private":false,"owner":{"login":"GabrielVargasRV","id":67846792,"node_id":"MDQ6VXNlcjY3ODQ2Nzky","avatar_url":"https://avatars2.githubusercontent.com/u/67846792?v=4","gravatar_id":"","url":"https://api.github.com/users/GabrielVargasRV","html_url":"https://github.com/GabrielVargasRV","followers_url":"https://api.github.com/users/GabrielVargasRV/followers","following_url":"https://api.github.com/users/GabrielVargasRV/following{/other_user}","gists_url":"https://api.github.com/users/GabrielVargasRV/gists{/gist_id}","starred_url":"https://api.github.com/users/GabrielVargasRV/starred{/owner}{/repo}","subscriptions_url":"https://api.github.com/users/GabrielVargasRV/subscriptions","organizations_url":"https://api.github.com/users/GabrielVargasRV/orgs","repos_url":"https://api.github.com/users/GabrielVargasRV/repos","events_url":"https://api.github.com/users/GabrielVargasRV/events{/privacy}","received_events_url":"https://api.github.com/users/GabrielVargasRV/received_events","type":"User","site_admin":false},"html_url":"https://github.com/GabrielVargasRV/Platzi-Conf-Merch-By-Gabriel-Vargas","description":" Platzi Conf Merch is an online store that we created in the platzi react hooks course","fork":false,"url":"https://api.github.com/repos/GabrielVargasRV/Platzi-Conf-Merch-By-Gabriel-Vargas","forks_url":"https://api.github.com/repos/GabrielVargasRV/Platzi-Conf-Merch-By-Gabriel-Vargas/forks","keys_url":"https://api.github.com/repos/GabrielVargasRV/Platzi-Conf-Merch-By-Gabriel-Vargas/keys{/key_id}","collaborators_url":"https://api.github.com/repos/GabrielVargasRV/Platzi-Conf-Merch-By-Gabriel-Vargas/collaborators{/collaborator}","teams_url":"https://api.github.com/repos/GabrielVargasRV/Platzi-Conf-Merch-By-Gabriel-Vargas/teams","hooks_url":"https://api.github.com/repos/GabrielVargasRV/Platzi-Conf-Merch-By-Gabriel-Vargas/hooks","issue_events_url":"https://api.github.com/repos/GabrielVargasRV/Platzi-Conf-Merch-By-Gabriel-Vargas/issues/events{/number}","events_url":"https://api.github.com/repos/GabrielVargasRV/Platzi-Conf-Merch-By-Gabriel-Vargas/events","assignees_url":"https://api.github.com/repos/GabrielVargasRV/Platzi-Conf-Merch-By-Gabriel-Vargas/assignees{/user}","branches_url":"https://api.github.com/repos/GabrielVargasRV/Platzi-Conf-Merch-By-Gabriel-Vargas/branches{/branch}","tags_url":"https://api.github.com/repos/GabrielVargasRV/Platzi-Conf-Merch-By-Gabriel-Vargas/tags","blobs_url":"https://api.github.com/repos/GabrielVargasRV/Platzi-Conf-Merch-By-Gabriel-Vargas/git/blobs{/sha}","git_tags_url":"https://api.github.com/repos/GabrielVargasRV/Platzi-Conf-Merch-By-Gabriel-Vargas/git/tags{/sha}","git_refs_url":"https://api.github.com/repos/GabrielVargasRV/Platzi-Conf-Merch-By-Gabriel-Vargas/git/refs{/sha}","trees_url":"https://api.github.com/repos/GabrielVargasRV/Platzi-Conf-Merch-By-Gabriel-Vargas/git/trees{/sha}","statuses_url":"https://api.github.com/repos/GabrielVargasRV/Platzi-Conf-Merch-By-Gabriel-Vargas/statuses/{sha}","languages_url":"https://api.github.com/repos/GabrielVargasRV/Platzi-Conf-Merch-By-Gabriel-Vargas/languages","stargazers_url":"https://api.github.com/repos/GabrielVargasRV/Platzi-Conf-Merch-By-Gabriel-Vargas/stargazers","contributors_url":"https://api.github.com/repos/GabrielVargasRV/Platzi-Conf-Merch-By-Gabriel-Vargas/contributors","subscribers_url":"https://api.github.com/repos/GabrielVargasRV/Platzi-Conf-Merch-By-Gabriel-Vargas/subscribers","subscription_url":"https://api.github.com/repos/GabrielVargasRV/Platzi-Conf-Merch-By-Gabriel-Vargas/subscription","commits_url":"https://api.github.com/repos/GabrielVargasRV/Platzi-Conf-Merch-By-Gabriel-Vargas/commits{/sha}","git_commits_url":"https://api.github.com/repos/GabrielVargasRV/Platzi-Conf-Merch-By-Gabriel-Vargas/git/commits{/sha}","comments_url":"https://api.github.com/repos/GabrielVargasRV/Platzi-Conf-Merch-By-Gabriel-Vargas/comments{/number}","issue_comment_url":"https://api.github.com/repos/GabrielVargasRV/Platzi-Conf-Merch-By-Gabriel-Vargas/issues/comments{/number}","contents_url":"https://api.github.com/repos/GabrielVargasRV/Platzi-Conf-Merch-By-Gabriel-Vargas/contents/{+path}","compare_url":"https://api.github.com/repos/GabrielVargasRV/Platzi-Conf-Merch-By-Gabriel-Vargas/compare/{base}...{head}","merges_url":"https://api.github.com/repos/GabrielVargasRV/Platzi-Conf-Merch-By-Gabriel-Vargas/merges","archive_url":"https://api.github.com/repos/GabrielVargasRV/Platzi-Conf-Merch-By-Gabriel-Vargas/{archive_format}{/ref}","downloads_url":"https://api.github.com/repos/GabrielVargasRV/Platzi-Conf-Merch-By-Gabriel-Vargas/downloads","issues_url":"https://api.github.com/repos/GabrielVargasRV/Platzi-Conf-Merch-By-Gabriel-Vargas/issues{/number}","pulls_url":"https://api.github.com/repos/GabrielVargasRV/Platzi-Conf-Merch-By-Gabriel-Vargas/pulls{/number}","milestones_url":"https://api.github.com/repos/GabrielVargasRV/Platzi-Conf-Merch-By-Gabriel-Vargas/milestones{/number}","notifications_url":"https://api.github.com/repos/GabrielVargasRV/Platzi-Conf-Merch-By-Gabriel-Vargas/notifications{?since,all,participating}","labels_url":"https://api.github.com/repos/GabrielVargasRV/Platzi-Conf-Merch-By-Gabriel-Vargas/labels{/name}","releases_url":"https://api.github.com/repos/GabrielVargasRV/Platzi-Conf-Merch-By-Gabriel-Vargas/releases{/id}","deployments_url":"https://api.github.com/repos/GabrielVargasRV/Platzi-Conf-Merch-By-Gabriel-Vargas/deployments","created_at":"2020-12-12T14:20:12Z","updated_at":"2020-12-12T14:59:48Z","pushed_at":"2020-12-12T14:59:41Z","git_url":"git://github.com/GabrielVargasRV/Platzi-Conf-Merch-By-Gabriel-Vargas.git","ssh_url":"git@github.com:GabrielVargasRV/Platzi-Conf-Merch-By-Gabriel-Vargas.git","clone_url":"https://github.com/GabrielVargasRV/Platzi-Conf-Merch-By-Gabriel-Vargas.git","svn_url":"https://github.com/GabrielVargasRV/Platzi-Conf-Merch-By-Gabriel-Vargas","homepage":null,"size":0,"stargazers_count":0,"watchers_count":0,"language":"JavaScript","has_issues":true,"has_projects":true,"has_downloads":true,"has_wiki":true,"has_pages":false,"forks_count":0,"mirror_url":null,"archived":false,"disabled":false,"open_issues_count":0,"license":null,"forks":0,"open_issues":0,"watchers":0,"default_branch":"master","permissions":{"admin":true,"push":true,"pull":true},"temp_clone_token":"","allow_squash_merge":true,"allow_merge_commit":true,"allow_rebase_merge":true,"delete_branch_on_merge":false,"network_count":0,"subscribers_count":1}
[debug] [2020-12-12T15:20:02.708Z] TypeError: Cannot read property 'replace' of undefined
    at C:\Users\Anny\AppData\Roaming\npm\node_modules\firebase-tools\lib\init\features\hosting\github.js:58:14
    at Generator.next (<anonymous>)
    at fulfilled (C:\Users\Anny\AppData\Roaming\npm\node_modules\firebase-tools\lib\init\features\hosting\github.js:5:58)
    at processTicksAndRejections (internal/process/task_queues.js:97:5)
[error] 
[error] Error: An unexpected error has occurred.
